Carte detectee
1364193222
2019-02-01 22:43
Lecture de la base...
ID =  13
Nom =  MAGNIEN
Prenom =  Alban
Email =  alban.magnien@aol.fr
Groupe =  BAC PRO MELEC PREMIERE
Entreprise =  SNCF TECHNICENTRE DE NEVERS
UID =  1364193222
Carte detectee
1364193222
2019-02-01 22:43
Lecture de la base...
ID =  13
Nom =  MAGNIEN
Prenom =  Alban
Email =  alban.magnien@aol.fr
Groupe =  BAC PRO MELEC PREMIERE
Entreprise =  SNCF TECHNICENTRE DE NEVERS
UID =  1364193222
Carte detectee
1364193222
2019-02-01 22:43
Lecture de la base...
ID =  13
Nom =  MAGNIEN
Prenom =  Alban
Email =  alban.magnien@aol.fr
Groupe =  BAC PRO MELEC PREMIERE
Entreprise =  SNCF TECHNICENTRE DE NEVERS
UID =  1364193222
Carte detectee
1364193222
2019-02-01 22:43
Lecture de la base...
ID =  13
Nom =  MAGNIEN
Prenom =  Alban
Email =  alban.magnien@aol.fr
Groupe =  BAC PRO MELEC PREMIERE
Entreprise =  SNCF TECHNICENTRE DE NEVERS
UID =  1364193222
Carte detectee
1364193222
2019-02-01 22:43
Lecture de la base...
ID =  13
Nom =  MAGNIEN
Prenom =  Alban
Email =  alban.magnien@aol.fr
Groupe =  BAC PRO MELEC PREMIERE
Entreprise =  SNCF TECHNICENTRE DE NEVERS
UID =  1364193222
Carte detectee
136480214
2019-02-01 22:43
Lecture de la base...
ID =  14
Nom =  SANCHEZ
Prenom =  Antoine
Email =  toinou_58@hotmail.fr
Groupe =  BAC PRO MELEC PREMIERE
Entreprise =  CHAMPEAU ET CASANAVE
UID =  136480214
Carte detectee
136480214
2019-02-01 22:43
Lecture de la base...
ID =  14
Nom =  SANCHEZ
Prenom =  Antoine
Email =  toinou_58@hotmail.fr
Groupe =  BAC PRO MELEC PREMIERE
Entreprise =  CHAMPEAU ET CASANAVE
UID =  136480214
Carte detectee
136480214
2019-02-01 22:43
Lecture de la base...
ID =  14
Nom =  SANCHEZ
Prenom =  Antoine
Email =  toinou_58@hotmail.fr
Groupe =  BAC PRO MELEC PREMIERE
Entreprise =  CHAMPEAU ET CASANAVE
UID =  136480214
Carte detectee
1364140200
2019-02-01 22:43
Lecture de la base...
ID =  12
Nom =  HARNIST
Prenom =  Valentin
Email =  harnist.valentin@hotmail.com
Groupe =  BAC PRO MELEC PREMIERE
Entreprise =  EIFFAGE ENERGIE BOURGOGNE CHAMPAGNE
UID =  1364140200
Lecture terminée
Lecture terminée
lecture.py:30: RuntimeWarning: No channels have been set up yet - nothing to clean up!  Try cleaning up at the end of your program instead!
  GPIO.cleanup()
